<?xml version="1.0" encoding="UTF-8"?>
<testng-results total="1" passed="1" failed="0" skipped="0">
  <reporter-output>
  </reporter-output>
  <suite started-at="2020-07-15T08:23:51Z" name="Default suite" finished-at="2020-07-15T08:26:01Z" duration-ms="130683">
    <groups>
    </groups>
    <test started-at="2020-07-15T08:23:51Z" name="Default test" finished-at="2020-07-15T08:26:01Z" duration-ms="130683">
      <class name="TestScript.Sample">
        <test-method signature="sampleTest()[pri:0, instance:TestScript.Sample@37d4349f]" started-at="2020-07-15T13:53:51Z" name="sampleTest" finished-at="2020-07-15T13:56:01Z" duration-ms="130663" status="PASS">
          <reporter-output>
          </reporter-output>
        </test-method> <!-- sampleTest -->
      </class> <!-- TestScript.Sample -->
    </test> <!-- Default test -->
  </suite> <!-- Default suite -->
</testng-results>
