<?xml version="1.0" encoding="UTF-8"?>
<testng-results total="1" passed="1" failed="0" skipped="0">
  <reporter-output>
  </reporter-output>
  <suite started-at="2020-07-17T11:08:26Z" name="Suite" finished-at="2020-07-17T11:08:36Z" duration-ms="9525">
    <groups>
    </groups>
    <test started-at="2020-07-17T11:08:26Z" name="INTACT POC" finished-at="2020-07-17T11:08:36Z" duration-ms="9525">
      <class name="TestScript.Sample">
        <test-method signature="sampleTest()[pri:0, instance:TestScript.Sample@729d991e]" started-at="2020-07-17T16:38:26Z" name="sampleTest" finished-at="2020-07-17T16:38:36Z" duration-ms="9500" status="PASS">
          <reporter-output>
          </reporter-output>
        </test-method> <!-- sampleTest -->
      </class> <!-- TestScript.Sample -->
    </test> <!-- INTACT POC -->
  </suite> <!-- Suite -->
</testng-results>
